[0728/215604.877:INFO:CONSOLE(133)] "Event handler of 'x-storagemutated-1' event must be added on the initial evaluation of worker script.", source: https://static.whatsapp.net/rsrc.php/v3/yC/r/UdBDh7rDEG_.js?_nc_x=Ij3Wp8lg5Kz (133)
[0728/215605.141:INFO:CONSOLE(0)] "Error with Permissions-Policy header: Unrecognized feature: 'battery'.", source:  (0)
[0728/215605.141:INFO:CONSOLE(0)] "Error with Permissions-Policy header: Unrecognized feature: 'usb-unrestricted'.", source:  (0)
[0728/215605.573:INFO:CONSOLE(1)] "function a(a,b){b=b.intentionallyUsePrivateConstructor;if(!b)throw c("err")("You should use WidFactory.createWid() instead of the Wid constructor. If you absolutely must use the constructor, pass {intentionallyUsePrivateConstructor: true} as a second parameter.");b=d("WAWebWidValidator").validateAndGetParts(a,d("WAWebBizCoexGatingUtils").bizHostedDevicesEnabled());if(b==null){d("WALogger").LOG(m(),a);throw c("err")("wid error: invalid wid")}var e=[],f=b.userPart,g=b.devicePart;b=b.serverPart.toLowerCase();var h;switch(b){case"s.whatsapp.net":h="c.us";break;default:h=b;break}this.server=h;if(f==null){d("WALogger").LOG(l(),a);throw c("err")("wid error: wid represents server and should not be used")}this.user=f;e.push(this.user);if(g!=null){if(this.server!=="c.us"&&this.server!=="lid"&&this.server!=="hosted"&&this.server!=="hosted.lid"&&this.server!=="bot"){d("WALogger").LOG(k(),a);throw c("err")("wid error: wrong server for wid with device present")}b=parseInt(g,10);b&&(e.push(":"),e.push(b),this.device=b)}if(d("WAWebBizCoexGatingUtils").bizHostedDevicesEnabled()&&(this.isHosted()&&(this.device==null||this.device!==s))){d("WALogger").LOG(j());throw c("err")("wid error: unexpected device id in hosted wid")}e.push("@");e.push(this.server);this._serialized=e.join("")}", source: pptr:evaluate;Whatsapp.initService%20(C%3A%5CUsers%5CGu_fe%5COneDrive%5C%C3%81rea%20de%20Trabalho%5Cmy-whatsapp-bot%5Cnode_modules%5Cvenom-bot%5Cdist%5Capi%5Cwhatsapp.js%3A80%3A29) (1)
[0728/215605.574:INFO:CONSOLE(1)] "[object Object]", source: pptr:evaluate;Whatsapp.initService%20(C%3A%5CUsers%5CGu_fe%5COneDrive%5C%C3%81rea%20de%20Trabalho%5Cmy-whatsapp-bot%5Cnode_modules%5Cvenom-bot%5Cdist%5Capi%5Cwhatsapp.js%3A80%3A29) (1)
[0728/215605.574:INFO:CONSOLE(1)] "function a(b){b=b;if(!b)throw c("err")("MsgKey error: obj is null/undefined");b.id instanceof a&&(b=b.id,d("WALogger").WARN(o()));var e=b.from&&b.to&&b.id,f=b.fromMe!==void 0&&b.remote&&b.id,g,h,i,p,q,r,s,t=d("WAWebUserPrefsMeUser").getMaybeMeUser();if(!t)throw c("err")("MsgKey error: me is undefined. Running tests? Call setupGlobalsForTests first.");else if(e&&f){d("WALogger").WARN(n(),JSON.stringify(b));throw c("err")("MsgKey error: unclear which constructor to use")}else if(!e&&!f){d("WALogger").WARN(m(),JSON.stringify(b));throw c("err")("MsgKey error: don't have a matching constructor")}else if(e){e=b;g=e.from;h=e.to;i=e.id;p=e.participant;q=e.selfDir;if(!(g instanceof c("WAWebWid"))||!(h instanceof c("WAWebWid"))||p&&!(p instanceof c("WAWebWid"))){d("WALogger").WARN(l(),String(g),String(h),String(p));throw c("err")("MsgKey error: something is not a wid")}e=c("WAWebWid").equals(g,h);q=e?q:void 0;e&&d("WAWebUserPrefsMeUser").isMePrimary(g)?(r=q==="out",s=t):d("WAWebUserPrefsMeUser").isMePrimary(g)?(r=!0,s=h):d("WAWebUserPrefsMeUser").isMePrimary(h)?(r=!1,s=g):e&&(c("WAWebWid").isGroup(g)||c("WAWebWid").isBroadcast(g))?(r=!0,s=g):d("WALogger").WARN(k(),[g,h,i,t].join());r!==void 0&&(this.fromMe=r);s&&(this.remote=s);i&&(this.id=i)}else if(f){e=b;r=e.fromMe;s=e.remote;i=e.id;p=e.participant;if(!(s instanceof c("WAWebWid"))||p&&!(p instanceof c("WAWebWid"))){d("WALogger").WARN(j(),String(s),String(p));throw c("err")("MsgKey error: something is not a wid")}d("WAWebUserPrefsMeUser").isMePrimary(s)&&(q=r===!0?"out":"in");r!==void 0&&(this.fromMe=r);s&&(this.remote=s);i&&(this.id=i)}g=[this.fromMe,this.remote,this.id];q!==void 0&&(this.self=q,g.push(this.self));p!==void 0&&(this.participant=p,g.push(this.participant));this._serialized=g.join("_")}", source: pptr:evaluate;Whatsapp.initService%20(C%3A%5CUsers%5CGu_fe%5COneDrive%5C%C3%81rea%20de%20Trabalho%5Cmy-whatsapp-bot%5Cnode_modules%5Cvenom-bot%5Cdist%5Capi%5Cwhatsapp.js%3A80%3A29) (1)
[0728/215605.574:INFO:CONSOLE(1)] "[object Object]", source: pptr:evaluate;Whatsapp.initService%20(C%3A%5CUsers%5CGu_fe%5COneDrive%5C%C3%81rea%20de%20Trabalho%5Cmy-whatsapp-bot%5Cnode_modules%5Cvenom-bot%5Cdist%5Capi%5Cwhatsapp.js%3A80%3A29) (1)
[0728/215605.574:INFO:CONSOLE(1)] "[object Object]", source: pptr:evaluate;Whatsapp.initService%20(C%3A%5CUsers%5CGu_fe%5COneDrive%5C%C3%81rea%20de%20Trabalho%5Cmy-whatsapp-bot%5Cnode_modules%5Cvenom-bot%5Cdist%5Capi%5Cwhatsapp.js%3A80%3A29) (1)
[0728/215605.575:INFO:CONSOLE(1)] "[object Object]", source: pptr:evaluate;Whatsapp.initService%20(C%3A%5CUsers%5CGu_fe%5COneDrive%5C%C3%81rea%20de%20Trabalho%5Cmy-whatsapp-bot%5Cnode_modules%5Cvenom-bot%5Cdist%5Capi%5Cwhatsapp.js%3A80%3A29) (1)
[0728/215605.575:INFO:CONSOLE(1)] "[object Object]", source: pptr:evaluate;Whatsapp.initService%20(C%3A%5CUsers%5CGu_fe%5COneDrive%5C%C3%81rea%20de%20Trabalho%5Cmy-whatsapp-bot%5Cnode_modules%5Cvenom-bot%5Cdist%5Capi%5Cwhatsapp.js%3A80%3A29) (1)
[0728/215605.576:INFO:CONSOLE(1)] "[object Object]", source: pptr:evaluate;Whatsapp.initService%20(C%3A%5CUsers%5CGu_fe%5COneDrive%5C%C3%81rea%20de%20Trabalho%5Cmy-whatsapp-bot%5Cnode_modules%5Cvenom-bot%5Cdist%5Capi%5Cwhatsapp.js%3A80%3A29) (1)
[0728/215605.577:INFO:CONSOLE(1)] "[object Object]", source: pptr:evaluate;Whatsapp.initService%20(C%3A%5CUsers%5CGu_fe%5COneDrive%5C%C3%81rea%20de%20Trabalho%5Cmy-whatsapp-bot%5Cnode_modules%5Cvenom-bot%5Cdist%5Capi%5Cwhatsapp.js%3A80%3A29) (1)
[0728/215605.578:INFO:CONSOLE(1)] "[object Object]", source: pptr:evaluate;Whatsapp.initService%20(C%3A%5CUsers%5CGu_fe%5COneDrive%5C%C3%81rea%20de%20Trabalho%5Cmy-whatsapp-bot%5Cnode_modules%5Cvenom-bot%5Cdist%5Capi%5Cwhatsapp.js%3A80%3A29) (1)
[0728/215605.579:INFO:CONSOLE(1)] "[object Object]", source: pptr:evaluate;Whatsapp.initService%20(C%3A%5CUsers%5CGu_fe%5COneDrive%5C%C3%81rea%20de%20Trabalho%5Cmy-whatsapp-bot%5Cnode_modules%5Cvenom-bot%5Cdist%5Capi%5Cwhatsapp.js%3A80%3A29) (1)
[0728/215605.580:INFO:CONSOLE(1)] "[object Object]", source: pptr:evaluate;Whatsapp.initService%20(C%3A%5CUsers%5CGu_fe%5COneDrive%5C%C3%81rea%20de%20Trabalho%5Cmy-whatsapp-bot%5Cnode_modules%5Cvenom-bot%5Cdist%5Capi%5Cwhatsapp.js%3A80%3A29) (1)
[0728/215605.581:INFO:CONSOLE(1)] "[object Object]", source: pptr:evaluate;Whatsapp.initService%20(C%3A%5CUsers%5CGu_fe%5COneDrive%5C%C3%81rea%20de%20Trabalho%5Cmy-whatsapp-bot%5Cnode_modules%5Cvenom-bot%5Cdist%5Capi%5Cwhatsapp.js%3A80%3A29) (1)
[0728/215605.585:INFO:CONSOLE(1)] "[object Object]", source: pptr:evaluate;Whatsapp.initService%20(C%3A%5CUsers%5CGu_fe%5COneDrive%5C%C3%81rea%20de%20Trabalho%5Cmy-whatsapp-bot%5Cnode_modules%5Cvenom-bot%5Cdist%5Capi%5Cwhatsapp.js%3A80%3A29) (1)
[0728/215605.586:INFO:CONSOLE(1)] "[object Object]", source: pptr:evaluate;Whatsapp.initService%20(C%3A%5CUsers%5CGu_fe%5COneDrive%5C%C3%81rea%20de%20Trabalho%5Cmy-whatsapp-bot%5Cnode_modules%5Cvenom-bot%5Cdist%5Capi%5Cwhatsapp.js%3A80%3A29) (1)
[0728/215605.587:INFO:CONSOLE(1)] "[object Object]", source: pptr:evaluate;Whatsapp.initService%20(C%3A%5CUsers%5CGu_fe%5COneDrive%5C%C3%81rea%20de%20Trabalho%5Cmy-whatsapp-bot%5Cnode_modules%5Cvenom-bot%5Cdist%5Capi%5Cwhatsapp.js%3A80%3A29) (1)
[0728/215605.590:INFO:CONSOLE(1)] "[object Object]", source: pptr:evaluate;Whatsapp.initService%20(C%3A%5CUsers%5CGu_fe%5COneDrive%5C%C3%81rea%20de%20Trabalho%5Cmy-whatsapp-bot%5Cnode_modules%5Cvenom-bot%5Cdist%5Capi%5Cwhatsapp.js%3A80%3A29) (1)
[0728/215605.591:INFO:CONSOLE(1)] "[object Object]", source: pptr:evaluate;Whatsapp.initService%20(C%3A%5CUsers%5CGu_fe%5COneDrive%5C%C3%81rea%20de%20Trabalho%5Cmy-whatsapp-bot%5Cnode_modules%5Cvenom-bot%5Cdist%5Capi%5Cwhatsapp.js%3A80%3A29) (1)
[0728/215605.592:INFO:CONSOLE(1)] "[object Object]", source: pptr:evaluate;Whatsapp.initService%20(C%3A%5CUsers%5CGu_fe%5COneDrive%5C%C3%81rea%20de%20Trabalho%5Cmy-whatsapp-bot%5Cnode_modules%5Cvenom-bot%5Cdist%5Capi%5Cwhatsapp.js%3A80%3A29) (1)
[0728/215605.592:INFO:CONSOLE(1)] "[object Object]", source: pptr:evaluate;Whatsapp.initService%20(C%3A%5CUsers%5CGu_fe%5COneDrive%5C%C3%81rea%20de%20Trabalho%5Cmy-whatsapp-bot%5Cnode_modules%5Cvenom-bot%5Cdist%5Capi%5Cwhatsapp.js%3A80%3A29) (1)
[0728/215605.593:INFO:CONSOLE(1)] "[object Object]", source: pptr:evaluate;Whatsapp.initService%20(C%3A%5CUsers%5CGu_fe%5COneDrive%5C%C3%81rea%20de%20Trabalho%5Cmy-whatsapp-bot%5Cnode_modules%5Cvenom-bot%5Cdist%5Capi%5Cwhatsapp.js%3A80%3A29) (1)
[0728/215605.595:INFO:CONSOLE(1)] "[object Object]", source: pptr:evaluate;Whatsapp.initService%20(C%3A%5CUsers%5CGu_fe%5COneDrive%5C%C3%81rea%20de%20Trabalho%5Cmy-whatsapp-bot%5Cnode_modules%5Cvenom-bot%5Cdist%5Capi%5Cwhatsapp.js%3A80%3A29) (1)
[0728/215605.596:INFO:CONSOLE(1)] "[object Object]", source: pptr:evaluate;Whatsapp.initService%20(C%3A%5CUsers%5CGu_fe%5COneDrive%5C%C3%81rea%20de%20Trabalho%5Cmy-whatsapp-bot%5Cnode_modules%5Cvenom-bot%5Cdist%5Capi%5Cwhatsapp.js%3A80%3A29) (1)
[0728/215605.603:INFO:CONSOLE(1)] "[object Object]", source: pptr:evaluate;Whatsapp.initService%20(C%3A%5CUsers%5CGu_fe%5COneDrive%5C%C3%81rea%20de%20Trabalho%5Cmy-whatsapp-bot%5Cnode_modules%5Cvenom-bot%5Cdist%5Capi%5Cwhatsapp.js%3A80%3A29) (1)
[0728/215605.609:INFO:CONSOLE(1)] "[object Object]", source: pptr:evaluate;Whatsapp.initService%20(C%3A%5CUsers%5CGu_fe%5COneDrive%5C%C3%81rea%20de%20Trabalho%5Cmy-whatsapp-bot%5Cnode_modules%5Cvenom-bot%5Cdist%5Capi%5Cwhatsapp.js%3A80%3A29) (1)
[0728/215605.609:INFO:CONSOLE(1)] "[object Object]", source: pptr:evaluate;Whatsapp.initService%20(C%3A%5CUsers%5CGu_fe%5COneDrive%5C%C3%81rea%20de%20Trabalho%5Cmy-whatsapp-bot%5Cnode_modules%5Cvenom-bot%5Cdist%5Capi%5Cwhatsapp.js%3A80%3A29) (1)
[0728/215605.611:INFO:CONSOLE(1)] "[object Object]", source: pptr:evaluate;Whatsapp.initService%20(C%3A%5CUsers%5CGu_fe%5COneDrive%5C%C3%81rea%20de%20Trabalho%5Cmy-whatsapp-bot%5Cnode_modules%5Cvenom-bot%5Cdist%5Capi%5Cwhatsapp.js%3A80%3A29) (1)
[0728/215605.611:INFO:CONSOLE(1)] "[object Object]", source: pptr:evaluate;Whatsapp.initService%20(C%3A%5CUsers%5CGu_fe%5COneDrive%5C%C3%81rea%20de%20Trabalho%5Cmy-whatsapp-bot%5Cnode_modules%5Cvenom-bot%5Cdist%5Capi%5Cwhatsapp.js%3A80%3A29) (1)
[0728/215605.611:INFO:CONSOLE(1)] "[object Object]", source: pptr:evaluate;Whatsapp.initService%20(C%3A%5CUsers%5CGu_fe%5COneDrive%5C%C3%81rea%20de%20Trabalho%5Cmy-whatsapp-bot%5Cnode_modules%5Cvenom-bot%5Cdist%5Capi%5Cwhatsapp.js%3A80%3A29) (1)
[0728/215605.611:INFO:CONSOLE(1)] "[object Object]", source: pptr:evaluate;Whatsapp.initService%20(C%3A%5CUsers%5CGu_fe%5COneDrive%5C%C3%81rea%20de%20Trabalho%5Cmy-whatsapp-bot%5Cnode_modules%5Cvenom-bot%5Cdist%5Capi%5Cwhatsapp.js%3A80%3A29) (1)
[0728/215605.612:INFO:CONSOLE(1)] "[object Object]", source: pptr:evaluate;Whatsapp.initService%20(C%3A%5CUsers%5CGu_fe%5COneDrive%5C%C3%81rea%20de%20Trabalho%5Cmy-whatsapp-bot%5Cnode_modules%5Cvenom-bot%5Cdist%5Capi%5Cwhatsapp.js%3A80%3A29) (1)
[0728/215605.612:INFO:CONSOLE(1)] "[object Object]", source: pptr:evaluate;Whatsapp.initService%20(C%3A%5CUsers%5CGu_fe%5COneDrive%5C%C3%81rea%20de%20Trabalho%5Cmy-whatsapp-bot%5Cnode_modules%5Cvenom-bot%5Cdist%5Capi%5Cwhatsapp.js%3A80%3A29) (1)
[0728/215605.613:INFO:CONSOLE(1)] "[object Object]", source: pptr:evaluate;Whatsapp.initService%20(C%3A%5CUsers%5CGu_fe%5COneDrive%5C%C3%81rea%20de%20Trabalho%5Cmy-whatsapp-bot%5Cnode_modules%5Cvenom-bot%5Cdist%5Capi%5Cwhatsapp.js%3A80%3A29) (1)
[0728/215605.613:INFO:CONSOLE(1)] "[object Object]", source: pptr:evaluate;Whatsapp.initService%20(C%3A%5CUsers%5CGu_fe%5COneDrive%5C%C3%81rea%20de%20Trabalho%5Cmy-whatsapp-bot%5Cnode_modules%5Cvenom-bot%5Cdist%5Capi%5Cwhatsapp.js%3A80%3A29) (1)
[0728/215605.613:INFO:CONSOLE(1)] "function a(a,b,c){return i(d("WAWebStateUtils").unproxy(a),b,c)}", source: pptr:evaluate;Whatsapp.initService%20(C%3A%5CUsers%5CGu_fe%5COneDrive%5C%C3%81rea%20de%20Trabalho%5Cmy-whatsapp-bot%5Cnode_modules%5Cvenom-bot%5Cdist%5Capi%5Cwhatsapp.js%3A80%3A29) (1)
[0728/215605.615:INFO:CONSOLE(1)] "[object Object]", source: pptr:evaluate;Whatsapp.initService%20(C%3A%5CUsers%5CGu_fe%5COneDrive%5C%C3%81rea%20de%20Trabalho%5Cmy-whatsapp-bot%5Cnode_modules%5Cvenom-bot%5Cdist%5Capi%5Cwhatsapp.js%3A80%3A29) (1)
[0728/215605.616:INFO:CONSOLE(1)] "function a(a,b,c){return h.apply(this,arguments)}", source: pptr:evaluate;Whatsapp.initService%20(C%3A%5CUsers%5CGu_fe%5COneDrive%5C%C3%81rea%20de%20Trabalho%5Cmy-whatsapp-bot%5Cnode_modules%5Cvenom-bot%5Cdist%5Capi%5Cwhatsapp.js%3A80%3A29) (1)
[0728/215605.616:INFO:CONSOLE(1)] "[object Object]", source: pptr:evaluate;Whatsapp.initService%20(C%3A%5CUsers%5CGu_fe%5COneDrive%5C%C3%81rea%20de%20Trabalho%5Cmy-whatsapp-bot%5Cnode_modules%5Cvenom-bot%5Cdist%5Capi%5Cwhatsapp.js%3A80%3A29) (1)
[0728/215605.617:INFO:CONSOLE(1)] "[object Object]", source: pptr:evaluate;Whatsapp.initService%20(C%3A%5CUsers%5CGu_fe%5COneDrive%5C%C3%81rea%20de%20Trabalho%5Cmy-whatsapp-bot%5Cnode_modules%5Cvenom-bot%5Cdist%5Capi%5Cwhatsapp.js%3A80%3A29) (1)
[0728/215605.617:INFO:CONSOLE(1)] "function b(){return a.apply(this,arguments)||this}", source: pptr:evaluate;Whatsapp.initService%20(C%3A%5CUsers%5CGu_fe%5COneDrive%5C%C3%81rea%20de%20Trabalho%5Cmy-whatsapp-bot%5Cnode_modules%5Cvenom-bot%5Cdist%5Capi%5Cwhatsapp.js%3A80%3A29) (1)
[0728/215605.618:INFO:CONSOLE(1)] "function b(){return a.apply(this,arguments)||this}", source: pptr:evaluate;Whatsapp.initService%20(C%3A%5CUsers%5CGu_fe%5COneDrive%5C%C3%81rea%20de%20Trabalho%5Cmy-whatsapp-bot%5Cnode_modules%5Cvenom-bot%5Cdist%5Capi%5Cwhatsapp.js%3A80%3A29) (1)
[0728/215605.619:INFO:CONSOLE(1)] "[object Object]", source: pptr:evaluate;Whatsapp.initService%20(C%3A%5CUsers%5CGu_fe%5COneDrive%5C%C3%81rea%20de%20Trabalho%5Cmy-whatsapp-bot%5Cnode_modules%5Cvenom-bot%5Cdist%5Capi%5Cwhatsapp.js%3A80%3A29) (1)
[0728/215605.620:INFO:CONSOLE(1)] "function e(b){var e;b=b.chatParticipantCount;e=a.call(this)||this;e.errorMsgs=null;e.ignored=0;e.mediaPickerStatsLogger=new(d("WAWebWamMediaPickerStatsLogger").MediaPickerStatsLogger)();e.selection=new(c("WAWebSingleSelection"))([],function(a){return a.id},"prev");e.isStickerMaker=!1;e.mediaPickerStatsLogger.chatRecipients=b;e.listenTo(e.selection,"all",e.$AttachMediaCollection1.bind(babelHelpers.assertThisInitialized(e)));return e}", source: pptr:evaluate;Whatsapp.initService%20(C%3A%5CUsers%5CGu_fe%5COneDrive%5C%C3%81rea%20de%20Trabalho%5Cmy-whatsapp-bot%5Cnode_modules%5Cvenom-bot%5Cdist%5Capi%5Cwhatsapp.js%3A80%3A29) (1)
[0728/215605.622:INFO:CONSOLE(1)] "TemplateButtonCollection", source: pptr:evaluate;Whatsapp.initService%20(C%3A%5CUsers%5CGu_fe%5COneDrive%5C%C3%81rea%20de%20Trabalho%5Cmy-whatsapp-bot%5Cnode_modules%5Cvenom-bot%5Cdist%5Capi%5Cwhatsapp.js%3A80%3A29) (1)
[0728/215605.622:INFO:CONSOLE(1)] "function b(){return a.apply(this,arguments)||this}", source: pptr:evaluate;Whatsapp.initService%20(C%3A%5CUsers%5CGu_fe%5COneDrive%5C%C3%81rea%20de%20Trabalho%5Cmy-whatsapp-bot%5Cnode_modules%5Cvenom-bot%5Cdist%5Capi%5Cwhatsapp.js%3A80%3A29) (1)
[0728/215605.622:INFO:CONSOLE(1)] "ButtonCollection", source: pptr:evaluate;Whatsapp.initService%20(C%3A%5CUsers%5CGu_fe%5COneDrive%5C%C3%81rea%20de%20Trabalho%5Cmy-whatsapp-bot%5Cnode_modules%5Cvenom-bot%5Cdist%5Capi%5Cwhatsapp.js%3A80%3A29) (1)
[0728/215605.622:INFO:CONSOLE(1)] "function b(){return a.apply(this,arguments)||this}", source: pptr:evaluate;Whatsapp.initService%20(C%3A%5CUsers%5CGu_fe%5COneDrive%5C%C3%81rea%20de%20Trabalho%5Cmy-whatsapp-bot%5Cnode_modules%5Cvenom-bot%5Cdist%5Capi%5Cwhatsapp.js%3A80%3A29) (1)
[0728/215605.622:INFO:CONSOLE(1)] "MediaCollection", source: pptr:evaluate;Whatsapp.initService%20(C%3A%5CUsers%5CGu_fe%5COneDrive%5C%C3%81rea%20de%20Trabalho%5Cmy-whatsapp-bot%5Cnode_modules%5Cvenom-bot%5Cdist%5Capi%5Cwhatsapp.js%3A80%3A29) (1)
[0728/215605.622:INFO:CONSOLE(1)] "function e(b){var e;b=b.chatParticipantCount;e=a.call(this)||this;e.errorMsgs=null;e.ignored=0;e.mediaPickerStatsLogger=new(d("WAWebWamMediaPickerStatsLogger").MediaPickerStatsLogger)();e.selection=new(c("WAWebSingleSelection"))([],function(a){return a.id},"prev");e.isStickerMaker=!1;e.mediaPickerStatsLogger.chatRecipients=b;e.listenTo(e.selection,"all",e.$AttachMediaCollection1.bind(babelHelpers.assertThisInitialized(e)));return e}", source: pptr:evaluate;Whatsapp.initService%20(C%3A%5CUsers%5CGu_fe%5COneDrive%5C%C3%81rea%20de%20Trabalho%5Cmy-whatsapp-bot%5Cnode_modules%5Cvenom-bot%5Cdist%5Capi%5Cwhatsapp.js%3A80%3A29) (1)
[0728/215605.623:INFO:CONSOLE(1)] "MediaProcess", source: pptr:evaluate;Whatsapp.initService%20(C%3A%5CUsers%5CGu_fe%5COneDrive%5C%C3%81rea%20de%20Trabalho%5Cmy-whatsapp-bot%5Cnode_modules%5Cvenom-bot%5Cdist%5Capi%5Cwhatsapp.js%3A80%3A29) (1)
[0728/215605.623:INFO:CONSOLE(1)] "[object Object]", source: pptr:evaluate;Whatsapp.initService%20(C%3A%5CUsers%5CGu_fe%5COneDrive%5C%C3%81rea%20de%20Trabalho%5Cmy-whatsapp-bot%5Cnode_modules%5Cvenom-bot%5Cdist%5Capi%5Cwhatsapp.js%3A80%3A29) (1)
[0728/215605.623:INFO:CONSOLE(1)] "ChatUtil", source: pptr:evaluate;Whatsapp.initService%20(C%3A%5CUsers%5CGu_fe%5COneDrive%5C%C3%81rea%20de%20Trabalho%5Cmy-whatsapp-bot%5Cnode_modules%5Cvenom-bot%5Cdist%5Capi%5Cwhatsapp.js%3A80%3A29) (1)
[0728/215605.623:INFO:CONSOLE(1)] "[object Object]", source: pptr:evaluate;Whatsapp.initService%20(C%3A%5CUsers%5CGu_fe%5COneDrive%5C%C3%81rea%20de%20Trabalho%5Cmy-whatsapp-bot%5Cnode_modules%5Cvenom-bot%5Cdist%5Capi%5Cwhatsapp.js%3A80%3A29) (1)
[0728/215605.623:INFO:CONSOLE(1)] "UserConstructor", source: pptr:evaluate;Whatsapp.initService%20(C%3A%5CUsers%5CGu_fe%5COneDrive%5C%C3%81rea%20de%20Trabalho%5Cmy-whatsapp-bot%5Cnode_modules%5Cvenom-bot%5Cdist%5Capi%5Cwhatsapp.js%3A80%3A29) (1)
[0728/215605.623:INFO:CONSOLE(1)] "function a(a,b){b=b.intentionallyUsePrivateConstructor;if(!b)throw c("err")("You should use WidFactory.createWid() instead of the Wid constructor. If you absolutely must use the constructor, pass {intentionallyUsePrivateConstructor: true} as a second parameter.");b=d("WAWebWidValidator").validateAndGetParts(a,d("WAWebBizCoexGatingUtils").bizHostedDevicesEnabled());if(b==null){d("WALogger").LOG(m(),a);throw c("err")("wid error: invalid wid")}var e=[],f=b.userPart,g=b.devicePart;b=b.serverPart.toLowerCase();var h;switch(b){case"s.whatsapp.net":h="c.us";break;default:h=b;break}this.server=h;if(f==null){d("WALogger").LOG(l(),a);throw c("err")("wid error: wid represents server and should not be used")}this.user=f;e.push(this.user);if(g!=null){if(this.server!=="c.us"&&this.server!=="lid"&&this.server!=="hosted"&&this.server!=="hosted.lid"&&this.server!=="bot"){d("WALogger").LOG(k(),a);throw c("err")("wid error: wrong server for wid with device present")}b=parseInt(g,10);b&&(e.push(":"),e.push(b),this.device=b)}if(d("WAWebBizCoexGatingUtils").bizHostedDevicesEnabled()&&(this.isHosted()&&(this.device==null||this.device!==s))){d("WALogger").LOG(j());throw c("err")("wid error: unexpected device id in hosted wid")}e.push("@");e.push(this.server);this._serialized=e.join("")}", source: pptr:evaluate;Whatsapp.initService%20(C%3A%5CUsers%5CGu_fe%5COneDrive%5C%C3%81rea%20de%20Trabalho%5Cmy-whatsapp-bot%5Cnode_modules%5Cvenom-bot%5Cdist%5Capi%5Cwhatsapp.js%3A80%3A29) (1)
[0728/215605.623:INFO:CONSOLE(1)] "SendTextMsgToChat", source: pptr:evaluate;Whatsapp.initService%20(C%3A%5CUsers%5CGu_fe%5COneDrive%5C%C3%81rea%20de%20Trabalho%5Cmy-whatsapp-bot%5Cnode_modules%5Cvenom-bot%5Cdist%5Capi%5Cwhatsapp.js%3A80%3A29) (1)
[0728/215605.623:INFO:CONSOLE(1)] "function a(a,b,c){return h.apply(this,arguments)}", source: pptr:evaluate;Whatsapp.initService%20(C%3A%5CUsers%5CGu_fe%5COneDrive%5C%C3%81rea%20de%20Trabalho%5Cmy-whatsapp-bot%5Cnode_modules%5Cvenom-bot%5Cdist%5Capi%5Cwhatsapp.js%3A80%3A29) (1)
[0728/215605.623:INFO:CONSOLE(1)] "Archive", source: pptr:evaluate;Whatsapp.initService%20(C%3A%5CUsers%5CGu_fe%5COneDrive%5C%C3%81rea%20de%20Trabalho%5Cmy-whatsapp-bot%5Cnode_modules%5Cvenom-bot%5Cdist%5Capi%5Cwhatsapp.js%3A80%3A29) (1)
[0728/215605.623:INFO:CONSOLE(1)] "[object Object]", source: pptr:evaluate;Whatsapp.initService%20(C%3A%5CUsers%5CGu_fe%5COneDrive%5C%C3%81rea%20de%20Trabalho%5Cmy-whatsapp-bot%5Cnode_modules%5Cvenom-bot%5Cdist%5Capi%5Cwhatsapp.js%3A80%3A29) (1)
[0728/215605.623:INFO:CONSOLE(1)] "addAndSendMsgToChat", source: pptr:evaluate;Whatsapp.initService%20(C%3A%5CUsers%5CGu_fe%5COneDrive%5C%C3%81rea%20de%20Trabalho%5Cmy-whatsapp-bot%5Cnode_modules%5Cvenom-bot%5Cdist%5Capi%5Cwhatsapp.js%3A80%3A29) (1)
[0728/215605.623:INFO:CONSOLE(1)] "function a(a,b,c){return i(d("WAWebStateUtils").unproxy(a),b,c)}", source: pptr:evaluate;Whatsapp.initService%20(C%3A%5CUsers%5CGu_fe%5COneDrive%5C%C3%81rea%20de%20Trabalho%5Cmy-whatsapp-bot%5Cnode_modules%5Cvenom-bot%5Cdist%5Capi%5Cwhatsapp.js%3A80%3A29) (1)
[0728/215605.623:INFO:CONSOLE(1)] "MsgKey", source: pptr:evaluate;Whatsapp.initService%20(C%3A%5CUsers%5CGu_fe%5COneDrive%5C%C3%81rea%20de%20Trabalho%5Cmy-whatsapp-bot%5Cnode_modules%5Cvenom-bot%5Cdist%5Capi%5Cwhatsapp.js%3A80%3A29) (1)
[0728/215605.623:INFO:CONSOLE(1)] "function a(b){b=b;if(!b)throw c("err")("MsgKey error: obj is null/undefined");b.id instanceof a&&(b=b.id,d("WALogger").WARN(o()));var e=b.from&&b.to&&b.id,f=b.fromMe!==void 0&&b.remote&&b.id,g,h,i,p,q,r,s,t=d("WAWebUserPrefsMeUser").getMaybeMeUser();if(!t)throw c("err")("MsgKey error: me is undefined. Running tests? Call setupGlobalsForTests first.");else if(e&&f){d("WALogger").WARN(n(),JSON.stringify(b));throw c("err")("MsgKey error: unclear which constructor to use")}else if(!e&&!f){d("WALogger").WARN(m(),JSON.stringify(b));throw c("err")("MsgKey error: don't have a matching constructor")}else if(e){e=b;g=e.from;h=e.to;i=e.id;p=e.participant;q=e.selfDir;if(!(g instanceof c("WAWebWid"))||!(h instanceof c("WAWebWid"))||p&&!(p instanceof c("WAWebWid"))){d("WALogger").WARN(l(),String(g),String(h),String(p));throw c("err")("MsgKey error: something is not a wid")}e=c("WAWebWid").equals(g,h);q=e?q:void 0;e&&d("WAWebUserPrefsMeUser").isMePrimary(g)?(r=q==="out",s=t):d("WAWebUserPrefsMeUser").isMePrimary(g)?(r=!0,s=h):d("WAWebUserPrefsMeUser").isMePrimary(h)?(r=!1,s=g):e&&(c("WAWebWid").isGroup(g)||c("WAWebWid").isBroadcast(g))?(r=!0,s=g):d("WALogger").WARN(k(),[g,h,i,t].join());r!==void 0&&(this.fromMe=r);s&&(this.remote=s);i&&(this.id=i)}else if(f){e=b;r=e.fromMe;s=e.remote;i=e.id;p=e.participant;if(!(s instanceof c("WAWebWid"))||p&&!(p instanceof c("WAWebWid"))){d("WALogger").WARN(j(),String(s),String(p));throw c("err")("MsgKey error: something is not a wid")}d("WAWebUserPrefsMeUser").isMePrimary(s)&&(q=r===!0?"out":"in");r!==void 0&&(this.fromMe=r);s&&(this.remote=s);i&&(this.id=i)}g=[this.fromMe,this.remote,this.id];q!==void 0&&(this.self=q,g.push(this.self));p!==void 0&&(this.participant=p,g.push(this.participant));this._serialized=g.join("_")}", source: pptr:evaluate;Whatsapp.initService%20(C%3A%5CUsers%5CGu_fe%5COneDrive%5C%C3%81rea%20de%20Trabalho%5Cmy-whatsapp-bot%5Cnode_modules%5Cvenom-bot%5Cdist%5Capi%5Cwhatsapp.js%3A80%3A29) (1)
[0728/215605.623:INFO:CONSOLE(1)] "Parser", source: pptr:evaluate;Whatsapp.initService%20(C%3A%5CUsers%5CGu_fe%5COneDrive%5C%C3%81rea%20de%20Trabalho%5Cmy-whatsapp-bot%5Cnode_modules%5Cvenom-bot%5Cdist%5Capi%5Cwhatsapp.js%3A80%3A29) (1)
[0728/215605.623:INFO:CONSOLE(1)] "[object Object]", source: pptr:evaluate;Whatsapp.initService%20(C%3A%5CUsers%5CGu_fe%5COneDrive%5C%C3%81rea%20de%20Trabalho%5Cmy-whatsapp-bot%5Cnode_modules%5Cvenom-bot%5Cdist%5Capi%5Cwhatsapp.js%3A80%3A29) (1)
[0728/215605.623:INFO:CONSOLE(1)] "Me", source: pptr:evaluate;Whatsapp.initService%20(C%3A%5CUsers%5CGu_fe%5COneDrive%5C%C3%81rea%20de%20Trabalho%5Cmy-whatsapp-bot%5Cnode_modules%5Cvenom-bot%5Cdist%5Capi%5Cwhatsapp.js%3A80%3A29) (1)
[0728/215605.623:INFO:CONSOLE(1)] "[object Object]", source: pptr:evaluate;Whatsapp.initService%20(C%3A%5CUsers%5CGu_fe%5COneDrive%5C%C3%81rea%20de%20Trabalho%5Cmy-whatsapp-bot%5Cnode_modules%5Cvenom-bot%5Cdist%5Capi%5Cwhatsapp.js%3A80%3A29) (1)
[0728/215605.623:INFO:CONSOLE(1)] "MyStatus", source: pptr:evaluate;Whatsapp.initService%20(C%3A%5CUsers%5CGu_fe%5COneDrive%5C%C3%81rea%20de%20Trabalho%5Cmy-whatsapp-bot%5Cnode_modules%5Cvenom-bot%5Cdist%5Capi%5Cwhatsapp.js%3A80%3A29) (1)
[0728/215605.624:INFO:CONSOLE(1)] "[object Object]", source: pptr:evaluate;Whatsapp.initService%20(C%3A%5CUsers%5CGu_fe%5COneDrive%5C%C3%81rea%20de%20Trabalho%5Cmy-whatsapp-bot%5Cnode_modules%5Cvenom-bot%5Cdist%5Capi%5Cwhatsapp.js%3A80%3A29) (1)
[0728/215605.624:INFO:CONSOLE(1)] "ChatStates", source: pptr:evaluate;Whatsapp.initService%20(C%3A%5CUsers%5CGu_fe%5COneDrive%5C%C3%81rea%20de%20Trabalho%5Cmy-whatsapp-bot%5Cnode_modules%5Cvenom-bot%5Cdist%5Capi%5Cwhatsapp.js%3A80%3A29) (1)
[0728/215605.624:INFO:CONSOLE(1)] "[object Object]", source: pptr:evaluate;Whatsapp.initService%20(C%3A%5CUsers%5CGu_fe%5COneDrive%5C%C3%81rea%20de%20Trabalho%5Cmy-whatsapp-bot%5Cnode_modules%5Cvenom-bot%5Cdist%5Capi%5Cwhatsapp.js%3A80%3A29) (1)
[0728/215605.624:INFO:CONSOLE(1)] "WidFactory", source: pptr:evaluate;Whatsapp.initService%20(C%3A%5CUsers%5CGu_fe%5COneDrive%5C%C3%81rea%20de%20Trabalho%5Cmy-whatsapp-bot%5Cnode_modules%5Cvenom-bot%5Cdist%5Capi%5Cwhatsapp.js%3A80%3A29) (1)
[0728/215605.624:INFO:CONSOLE(1)] "[object Object]", source: pptr:evaluate;Whatsapp.initService%20(C%3A%5CUsers%5CGu_fe%5COneDrive%5C%C3%81rea%20de%20Trabalho%5Cmy-whatsapp-bot%5Cnode_modules%5Cvenom-bot%5Cdist%5Capi%5Cwhatsapp.js%3A80%3A29) (1)
[0728/215605.624:INFO:CONSOLE(1)] "MaybeMeUser", source: pptr:evaluate;Whatsapp.initService%20(C%3A%5CUsers%5CGu_fe%5COneDrive%5C%C3%81rea%20de%20Trabalho%5Cmy-whatsapp-bot%5Cnode_modules%5Cvenom-bot%5Cdist%5Capi%5Cwhatsapp.js%3A80%3A29) (1)
[0728/215605.624:INFO:CONSOLE(1)] "[object Object]", source: pptr:evaluate;Whatsapp.initService%20(C%3A%5CUsers%5CGu_fe%5COneDrive%5C%C3%81rea%20de%20Trabalho%5Cmy-whatsapp-bot%5Cnode_modules%5Cvenom-bot%5Cdist%5Capi%5Cwhatsapp.js%3A80%3A29) (1)
[0728/215605.624:INFO:CONSOLE(1)] "Sticker", source: pptr:evaluate;Whatsapp.initService%20(C%3A%5CUsers%5CGu_fe%5COneDrive%5C%C3%81rea%20de%20Trabalho%5Cmy-whatsapp-bot%5Cnode_modules%5Cvenom-bot%5Cdist%5Capi%5Cwhatsapp.js%3A80%3A29) (1)
[0728/215605.624:INFO:CONSOLE(1)] "[object Object]", source: pptr:evaluate;Whatsapp.initService%20(C%3A%5CUsers%5CGu_fe%5COneDrive%5C%C3%81rea%20de%20Trabalho%5Cmy-whatsapp-bot%5Cnode_modules%5Cvenom-bot%5Cdist%5Capi%5Cwhatsapp.js%3A80%3A29) (1)
[0728/215605.624:INFO:CONSOLE(1)] "MediaObject", source: pptr:evaluate;Whatsapp.initService%20(C%3A%5CUsers%5CGu_fe%5COneDrive%5C%C3%81rea%20de%20Trabalho%5Cmy-whatsapp-bot%5Cnode_modules%5Cvenom-bot%5Cdist%5Capi%5Cwhatsapp.js%3A80%3A29) (1)
[0728/215605.624:INFO:CONSOLE(1)] "[object Object]", source: pptr:evaluate;Whatsapp.initService%20(C%3A%5CUsers%5CGu_fe%5COneDrive%5C%C3%81rea%20de%20Trabalho%5Cmy-whatsapp-bot%5Cnode_modules%5Cvenom-bot%5Cdist%5Capi%5Cwhatsapp.js%3A80%3A29) (1)
[0728/215605.624:INFO:CONSOLE(1)] "UploadUtils", source: pptr:evaluate;Whatsapp.initService%20(C%3A%5CUsers%5CGu_fe%5COneDrive%5C%C3%81rea%20de%20Trabalho%5Cmy-whatsapp-bot%5Cnode_modules%5Cvenom-bot%5Cdist%5Capi%5Cwhatsapp.js%3A80%3A29) (1)
[0728/215605.624:INFO:CONSOLE(1)] "[object Object]", source: pptr:evaluate;Whatsapp.initService%20(C%3A%5CUsers%5CGu_fe%5COneDrive%5C%C3%81rea%20de%20Trabalho%5Cmy-whatsapp-bot%5Cnode_modules%5Cvenom-bot%5Cdist%5Capi%5Cwhatsapp.js%3A80%3A29) (1)
[0728/215605.624:INFO:CONSOLE(1)] "Cmd", source: pptr:evaluate;Whatsapp.initService%20(C%3A%5CUsers%5CGu_fe%5COneDrive%5C%C3%81rea%20de%20Trabalho%5Cmy-whatsapp-bot%5Cnode_modules%5Cvenom-bot%5Cdist%5Capi%5Cwhatsapp.js%3A80%3A29) (1)
[0728/215605.624:INFO:CONSOLE(1)] "[object Object]", source: pptr:evaluate;Whatsapp.initService%20(C%3A%5CUsers%5CGu_fe%5COneDrive%5C%C3%81rea%20de%20Trabalho%5Cmy-whatsapp-bot%5Cnode_modules%5Cvenom-bot%5Cdist%5Capi%5Cwhatsapp.js%3A80%3A29) (1)
[0728/215605.625:INFO:CONSOLE(1)] "ReadSeen", source: pptr:evaluate;Whatsapp.initService%20(C%3A%5CUsers%5CGu_fe%5COneDrive%5C%C3%81rea%20de%20Trabalho%5Cmy-whatsapp-bot%5Cnode_modules%5Cvenom-bot%5Cdist%5Capi%5Cwhatsapp.js%3A80%3A29) (1)
[0728/215605.625:INFO:CONSOLE(1)] "[object Object]", source: pptr:evaluate;Whatsapp.initService%20(C%3A%5CUsers%5CGu_fe%5COneDrive%5C%C3%81rea%20de%20Trabalho%5Cmy-whatsapp-bot%5Cnode_modules%5Cvenom-bot%5Cdist%5Capi%5Cwhatsapp.js%3A80%3A29) (1)
[0728/215605.625:INFO:CONSOLE(1)] "Block", source: pptr:evaluate;Whatsapp.initService%20(C%3A%5CUsers%5CGu_fe%5COneDrive%5C%C3%81rea%20de%20Trabalho%5Cmy-whatsapp-bot%5Cnode_modules%5Cvenom-bot%5Cdist%5Capi%5Cwhatsapp.js%3A80%3A29) (1)
[0728/215605.625:INFO:CONSOLE(1)] "[object Object]", source: pptr:evaluate;Whatsapp.initService%20(C%3A%5CUsers%5CGu_fe%5COneDrive%5C%C3%81rea%20de%20Trabalho%5Cmy-whatsapp-bot%5Cnode_modules%5Cvenom-bot%5Cdist%5Capi%5Cwhatsapp.js%3A80%3A29) (1)
[0728/215605.625:INFO:CONSOLE(1)] "BlockList", source: pptr:evaluate;Whatsapp.initService%20(C%3A%5CUsers%5CGu_fe%5COneDrive%5C%C3%81rea%20de%20Trabalho%5Cmy-whatsapp-bot%5Cnode_modules%5Cvenom-bot%5Cdist%5Capi%5Cwhatsapp.js%3A80%3A29) (1)
[0728/215605.625:INFO:CONSOLE(1)] "[object Object]", source: pptr:evaluate;Whatsapp.initService%20(C%3A%5CUsers%5CGu_fe%5COneDrive%5C%C3%81rea%20de%20Trabalho%5Cmy-whatsapp-bot%5Cnode_modules%5Cvenom-bot%5Cdist%5Capi%5Cwhatsapp.js%3A80%3A29) (1)
[0728/215605.625:INFO:CONSOLE(1)] "Theme", source: pptr:evaluate;Whatsapp.initService%20(C%3A%5CUsers%5CGu_fe%5COneDrive%5C%C3%81rea%20de%20Trabalho%5Cmy-whatsapp-bot%5Cnode_modules%5Cvenom-bot%5Cdist%5Capi%5Cwhatsapp.js%3A80%3A29) (1)
[0728/215605.625:INFO:CONSOLE(1)] "[object Object]", source: pptr:evaluate;Whatsapp.initService%20(C%3A%5CUsers%5CGu_fe%5COneDrive%5C%C3%81rea%20de%20Trabalho%5Cmy-whatsapp-bot%5Cnode_modules%5Cvenom-bot%5Cdist%5Capi%5Cwhatsapp.js%3A80%3A29) (1)
[0728/215605.625:INFO:CONSOLE(1)] "Profile", source: pptr:evaluate;Whatsapp.initService%20(C%3A%5CUsers%5CGu_fe%5COneDrive%5C%C3%81rea%20de%20Trabalho%5Cmy-whatsapp-bot%5Cnode_modules%5Cvenom-bot%5Cdist%5Capi%5Cwhatsapp.js%3A80%3A29) (1)
[0728/215605.625:INFO:CONSOLE(1)] "[object Object]", source: pptr:evaluate;Whatsapp.initService%20(C%3A%5CUsers%5CGu_fe%5COneDrive%5C%C3%81rea%20de%20Trabalho%5Cmy-whatsapp-bot%5Cnode_modules%5Cvenom-bot%5Cdist%5Capi%5Cwhatsapp.js%3A80%3A29) (1)
[0728/215605.625:INFO:CONSOLE(1)] "SendMute", source: pptr:evaluate;Whatsapp.initService%20(C%3A%5CUsers%5CGu_fe%5COneDrive%5C%C3%81rea%20de%20Trabalho%5Cmy-whatsapp-bot%5Cnode_modules%5Cvenom-bot%5Cdist%5Capi%5Cwhatsapp.js%3A80%3A29) (1)
[0728/215605.625:INFO:CONSOLE(1)] "[object Object]", source: pptr:evaluate;Whatsapp.initService%20(C%3A%5CUsers%5CGu_fe%5COneDrive%5C%C3%81rea%20de%20Trabalho%5Cmy-whatsapp-bot%5Cnode_modules%5Cvenom-bot%5Cdist%5Capi%5Cwhatsapp.js%3A80%3A29) (1)
[0728/215605.625:INFO:CONSOLE(1)] "Validators", source: pptr:evaluate;Whatsapp.initService%20(C%3A%5CUsers%5CGu_fe%5COneDrive%5C%C3%81rea%20de%20Trabalho%5Cmy-whatsapp-bot%5Cnode_modules%5Cvenom-bot%5Cdist%5Capi%5Cwhatsapp.js%3A80%3A29) (1)
[0728/215605.625:INFO:CONSOLE(1)] "[object Object]", source: pptr:evaluate;Whatsapp.initService%20(C%3A%5CUsers%5CGu_fe%5COneDrive%5C%C3%81rea%20de%20Trabalho%5Cmy-whatsapp-bot%5Cnode_modules%5Cvenom-bot%5Cdist%5Capi%5Cwhatsapp.js%3A80%3A29) (1)
[0728/215605.625:INFO:CONSOLE(1)] "genId", source: pptr:evaluate;Whatsapp.initService%20(C%3A%5CUsers%5CGu_fe%5COneDrive%5C%C3%81rea%20de%20Trabalho%5Cmy-whatsapp-bot%5Cnode_modules%5Cvenom-bot%5Cdist%5Capi%5Cwhatsapp.js%3A80%3A29) (1)
[0728/215605.625:INFO:CONSOLE(1)] "[object Object]", source: pptr:evaluate;Whatsapp.initService%20(C%3A%5CUsers%5CGu_fe%5COneDrive%5C%C3%81rea%20de%20Trabalho%5Cmy-whatsapp-bot%5Cnode_modules%5Cvenom-bot%5Cdist%5Capi%5Cwhatsapp.js%3A80%3A29) (1)
[0728/215605.625:INFO:CONSOLE(1)] "State", source: pptr:evaluate;Whatsapp.initService%20(C%3A%5CUsers%5CGu_fe%5COneDrive%5C%C3%81rea%20de%20Trabalho%5Cmy-whatsapp-bot%5Cnode_modules%5Cvenom-bot%5Cdist%5Capi%5Cwhatsapp.js%3A80%3A29) (1)
[0728/215605.625:INFO:CONSOLE(1)] "[object Object]", source: pptr:evaluate;Whatsapp.initService%20(C%3A%5CUsers%5CGu_fe%5COneDrive%5C%C3%81rea%20de%20Trabalho%5Cmy-whatsapp-bot%5Cnode_modules%5Cvenom-bot%5Cdist%5Capi%5Cwhatsapp.js%3A80%3A29) (1)
[0728/215605.626:INFO:CONSOLE(1)] "Login", source: pptr:evaluate;Whatsapp.initService%20(C%3A%5CUsers%5CGu_fe%5COneDrive%5C%C3%81rea%20de%20Trabalho%5Cmy-whatsapp-bot%5Cnode_modules%5Cvenom-bot%5Cdist%5Capi%5Cwhatsapp.js%3A80%3A29) (1)
[0728/215605.626:INFO:CONSOLE(1)] "[object Object]", source: pptr:evaluate;Whatsapp.initService%20(C%3A%5CUsers%5CGu_fe%5COneDrive%5C%C3%81rea%20de%20Trabalho%5Cmy-whatsapp-bot%5Cnode_modules%5Cvenom-bot%5Cdist%5Capi%5Cwhatsapp.js%3A80%3A29) (1)
[0728/215605.626:INFO:CONSOLE(1)] "Presence", source: pptr:evaluate;Whatsapp.initService%20(C%3A%5CUsers%5CGu_fe%5COneDrive%5C%C3%81rea%20de%20Trabalho%5Cmy-whatsapp-bot%5Cnode_modules%5Cvenom-bot%5Cdist%5Capi%5Cwhatsapp.js%3A80%3A29) (1)
[0728/215605.626:INFO:CONSOLE(1)] "[object Object]", source: pptr:evaluate;Whatsapp.initService%20(C%3A%5CUsers%5CGu_fe%5COneDrive%5C%C3%81rea%20de%20Trabalho%5Cmy-whatsapp-bot%5Cnode_modules%5Cvenom-bot%5Cdist%5Capi%5Cwhatsapp.js%3A80%3A29) (1)
[0728/215605.626:INFO:CONSOLE(1)] "PresenceCollection", source: pptr:evaluate;Whatsapp.initService%20(C%3A%5CUsers%5CGu_fe%5COneDrive%5C%C3%81rea%20de%20Trabalho%5Cmy-whatsapp-bot%5Cnode_modules%5Cvenom-bot%5Cdist%5Capi%5Cwhatsapp.js%3A80%3A29) (1)
[0728/215605.626:INFO:CONSOLE(1)] "[object Object]", source: pptr:evaluate;Whatsapp.initService%20(C%3A%5CUsers%5CGu_fe%5COneDrive%5C%C3%81rea%20de%20Trabalho%5Cmy-whatsapp-bot%5Cnode_modules%5Cvenom-bot%5Cdist%5Capi%5Cwhatsapp.js%3A80%3A29) (1)
[0728/215605.626:INFO:CONSOLE(1)] "blob", source: pptr:evaluate;Whatsapp.initService%20(C%3A%5CUsers%5CGu_fe%5COneDrive%5C%C3%81rea%20de%20Trabalho%5Cmy-whatsapp-bot%5Cnode_modules%5Cvenom-bot%5Cdist%5Capi%5Cwhatsapp.js%3A80%3A29) (1)
[0728/215605.626:INFO:CONSOLE(1)] "[object Object]", source: pptr:evaluate;Whatsapp.initService%20(C%3A%5CUsers%5CGu_fe%5COneDrive%5C%C3%81rea%20de%20Trabalho%5Cmy-whatsapp-bot%5Cnode_modules%5Cvenom-bot%5Cdist%5Capi%5Cwhatsapp.js%3A80%3A29) (1)
[0728/215605.626:INFO:CONSOLE(1)] "SetStatusChat", source: pptr:evaluate;Whatsapp.initService%20(C%3A%5CUsers%5CGu_fe%5COneDrive%5C%C3%81rea%20de%20Trabalho%5Cmy-whatsapp-bot%5Cnode_modules%5Cvenom-bot%5Cdist%5Capi%5Cwhatsapp.js%3A80%3A29) (1)
[0728/215605.626:INFO:CONSOLE(1)] "[object Object]", source: pptr:evaluate;Whatsapp.initService%20(C%3A%5CUsers%5CGu_fe%5COneDrive%5C%C3%81rea%20de%20Trabalho%5Cmy-whatsapp-bot%5Cnode_modules%5Cvenom-bot%5Cdist%5Capi%5Cwhatsapp.js%3A80%3A29) (1)
[0728/215605.626:INFO:CONSOLE(1)] "CheckWid", source: pptr:evaluate;Whatsapp.initService%20(C%3A%5CUsers%5CGu_fe%5COneDrive%5C%C3%81rea%20de%20Trabalho%5Cmy-whatsapp-bot%5Cnode_modules%5Cvenom-bot%5Cdist%5Capi%5Cwhatsapp.js%3A80%3A29) (1)
[0728/215605.626:INFO:CONSOLE(1)] "[object Object]", source: pptr:evaluate;Whatsapp.initService%20(C%3A%5CUsers%5CGu_fe%5COneDrive%5C%C3%81rea%20de%20Trabalho%5Cmy-whatsapp-bot%5Cnode_modules%5Cvenom-bot%5Cdist%5Capi%5Cwhatsapp.js%3A80%3A29) (1)
[0728/215605.626:INFO:CONSOLE(1)] "ProfileBusiness", source: pptr:evaluate;Whatsapp.initService%20(C%3A%5CUsers%5CGu_fe%5COneDrive%5C%C3%81rea%20de%20Trabalho%5Cmy-whatsapp-bot%5Cnode_modules%5Cvenom-bot%5Cdist%5Capi%5Cwhatsapp.js%3A80%3A29) (1)
[0728/215605.626:INFO:CONSOLE(1)] "[object Object]", source: pptr:evaluate;Whatsapp.initService%20(C%3A%5CUsers%5CGu_fe%5COneDrive%5C%C3%81rea%20de%20Trabalho%5Cmy-whatsapp-bot%5Cnode_modules%5Cvenom-bot%5Cdist%5Capi%5Cwhatsapp.js%3A80%3A29) (1)
[0728/215605.626:INFO:CONSOLE(1)] "Websocket", source: pptr:evaluate;Whatsapp.initService%20(C%3A%5CUsers%5CGu_fe%5COneDrive%5C%C3%81rea%20de%20Trabalho%5Cmy-whatsapp-bot%5Cnode_modules%5Cvenom-bot%5Cdist%5Capi%5Cwhatsapp.js%3A80%3A29) (1)
[0728/215605.626:INFO:CONSOLE(1)] "[object Object]", source: pptr:evaluate;Whatsapp.initService%20(C%3A%5CUsers%5CGu_fe%5COneDrive%5C%C3%81rea%20de%20Trabalho%5Cmy-whatsapp-bot%5Cnode_modules%5Cvenom-bot%5Cdist%5Capi%5Cwhatsapp.js%3A80%3A29) (1)
[0728/215605.626:INFO:CONSOLE(1)] "Cmd", source: pptr:evaluate;Whatsapp.initService%20(C%3A%5CUsers%5CGu_fe%5COneDrive%5C%C3%81rea%20de%20Trabalho%5Cmy-whatsapp-bot%5Cnode_modules%5Cvenom-bot%5Cdist%5Capi%5Cwhatsapp.js%3A80%3A29) (1)
[0728/215605.626:INFO:CONSOLE(1)] "[object Object]", source: pptr:evaluate;Whatsapp.initService%20(C%3A%5CUsers%5CGu_fe%5COneDrive%5C%C3%81rea%20de%20Trabalho%5Cmy-whatsapp-bot%5Cnode_modules%5Cvenom-bot%5Cdist%5Capi%5Cwhatsapp.js%3A80%3A29) (1)
[0728/215605.626:INFO:CONSOLE(1)] "Wap", source: pptr:evaluate;Whatsapp.initService%20(C%3A%5CUsers%5CGu_fe%5COneDrive%5C%C3%81rea%20de%20Trabalho%5Cmy-whatsapp-bot%5Cnode_modules%5Cvenom-bot%5Cdist%5Capi%5Cwhatsapp.js%3A80%3A29) (1)
[0728/215605.626:INFO:CONSOLE(1)] "[object Object]", source: pptr:evaluate;Whatsapp.initService%20(C%3A%5CUsers%5CGu_fe%5COneDrive%5C%C3%81rea%20de%20Trabalho%5Cmy-whatsapp-bot%5Cnode_modules%5Cvenom-bot%5Cdist%5Capi%5Cwhatsapp.js%3A80%3A29) (1)
[0728/215605.626:INFO:CONSOLE(1)] "SendSocket", source: pptr:evaluate;Whatsapp.initService%20(C%3A%5CUsers%5CGu_fe%5COneDrive%5C%C3%81rea%20de%20Trabalho%5Cmy-whatsapp-bot%5Cnode_modules%5Cvenom-bot%5Cdist%5Capi%5Cwhatsapp.js%3A80%3A29) (1)
[0728/215605.626:INFO:CONSOLE(1)] "[object Object]", source: pptr:evaluate;Whatsapp.initService%20(C%3A%5CUsers%5CGu_fe%5COneDrive%5C%C3%81rea%20de%20Trabalho%5Cmy-whatsapp-bot%5Cnode_modules%5Cvenom-bot%5Cdist%5Capi%5Cwhatsapp.js%3A80%3A29) (1)
[0728/215605.626:INFO:CONSOLE(1)] "Jid", source: pptr:evaluate;Whatsapp.initService%20(C%3A%5CUsers%5CGu_fe%5COneDrive%5C%C3%81rea%20de%20Trabalho%5Cmy-whatsapp-bot%5Cnode_modules%5Cvenom-bot%5Cdist%5Capi%5Cwhatsapp.js%3A80%3A29) (1)
[0728/215605.627:INFO:CONSOLE(1)] "[object Object]", source: pptr:evaluate;Whatsapp.initService%20(C%3A%5CUsers%5CGu_fe%5COneDrive%5C%C3%81rea%20de%20Trabalho%5Cmy-whatsapp-bot%5Cnode_modules%5Cvenom-bot%5Cdist%5Capi%5Cwhatsapp.js%3A80%3A29) (1)
[0728/215605.627:INFO:CONSOLE(1)] "createNewsletterQuery", source: pptr:evaluate;Whatsapp.initService%20(C%3A%5CUsers%5CGu_fe%5COneDrive%5C%C3%81rea%20de%20Trabalho%5Cmy-whatsapp-bot%5Cnode_modules%5Cvenom-bot%5Cdist%5Capi%5Cwhatsapp.js%3A80%3A29) (1)
[0728/215605.627:INFO:CONSOLE(1)] "[object Object]", source: pptr:evaluate;Whatsapp.initService%20(C%3A%5CUsers%5CGu_fe%5COneDrive%5C%C3%81rea%20de%20Trabalho%5Cmy-whatsapp-bot%5Cnode_modules%5Cvenom-bot%5Cdist%5Capi%5Cwhatsapp.js%3A80%3A29) (1)
[0728/215605.627:INFO:CONSOLE(1)] "userJidToUserWid", source: pptr:evaluate;Whatsapp.initService%20(C%3A%5CUsers%5CGu_fe%5COneDrive%5C%C3%81rea%20de%20Trabalho%5Cmy-whatsapp-bot%5Cnode_modules%5Cvenom-bot%5Cdist%5Capi%5Cwhatsapp.js%3A80%3A29) (1)
[0728/215605.627:INFO:CONSOLE(1)] "[object Object]", source: pptr:evaluate;Whatsapp.initService%20(C%3A%5CUsers%5CGu_fe%5COneDrive%5C%C3%81rea%20de%20Trabalho%5Cmy-whatsapp-bot%5Cnode_modules%5Cvenom-bot%5Cdist%5Capi%5Cwhatsapp.js%3A80%3A29) (1)
[0728/215605.629:INFO:CONSOLE(56)] "Uncaught ModuleError: Requiring unknown module "%s"", source: https://static.whatsapp.net/rsrc.php/v3/yf/r/zxdT31bkq7G.js?_nc_x=Ij3Wp8lg5Kz (56)
[0728/215605.644:INFO:CONSOLE(1)] "Uncaught (in promise) TypeError: Cannot convert undefined or null to object", source: pptr:evaluate;Whatsapp.initService%20(C%3A%5CUsers%5CGu_fe%5COneDrive%5C%C3%81rea%20de%20Trabalho%5Cmy-whatsapp-bot%5Cnode_modules%5Cvenom-bot%5Cdist%5Capi%5Cwhatsapp.js%3A80%3A29) (1)
[0728/215605.646:INFO:CONSOLE(56)] "Uncaught ModuleError: Requiring unknown module "%s"", source: https://static.whatsapp.net/rsrc.php/v3/yf/r/zxdT31bkq7G.js?_nc_x=Ij3Wp8lg5Kz (56)
[0728/215605.654:INFO:CONSOLE(9)] "Uncaught (in promise) Error: Unexpected null or undefined: WALogger called before initialization", source: https://static.whatsapp.net/rsrc.php/v3ihiF4/y4/l/rt/yAetIaM4Wwk.js?_nc_x=Ij3Wp8lg5Kz (9)
[0728/215605.705:INFO:CONSOLE(9)] "Uncaught (in promise) Error: Unexpected null or undefined: WALogger called before initialization", source: https://static.whatsapp.net/rsrc.php/v3ihiF4/y4/l/rt/yAetIaM4Wwk.js?_nc_x=Ij3Wp8lg5Kz (9)
